mode: set
github.com/hdicksonjr/seton/parser/note.go:15.36,26.2 4 1
github.com/hdicksonjr/seton/parser/parser.go:25.76,29.16 2 1
github.com/hdicksonjr/seton/parser/parser.go:29.16,31.3 1 1
github.com/hdicksonjr/seton/parser/parser.go:33.2,33.33 1 1
github.com/hdicksonjr/seton/parser/parser.go:33.33,36.3 2 0
github.com/hdicksonjr/seton/parser/parser.go:38.2,38.31 1 1
github.com/hdicksonjr/seton/parser/parser.go:50.46,52.2 1 1
github.com/hdicksonjr/seton/parser/parser.go:54.25,56.2 1 0
github.com/hdicksonjr/seton/parser/parser.go:58.77,59.16 1 1
github.com/hdicksonjr/seton/parser/parser.go:59.16,61.3 1 0
github.com/hdicksonjr/seton/parser/parser.go:64.2,64.19 1 1
github.com/hdicksonjr/seton/parser/parser.go:64.19,67.17 2 1
github.com/hdicksonjr/seton/parser/parser.go:67.17,69.4 1 0
github.com/hdicksonjr/seton/parser/parser.go:70.3,70.40 1 1
github.com/hdicksonjr/seton/parser/parser.go:73.2,73.12 1 1
github.com/hdicksonjr/seton/parser/parser.go:77.44,79.16 2 1
github.com/hdicksonjr/seton/parser/parser.go:79.16,82.3 2 0
github.com/hdicksonjr/seton/parser/parser.go:84.2,85.22 2 1
github.com/hdicksonjr/seton/parser/parser.go:89.60,95.16 3 1
github.com/hdicksonjr/seton/parser/parser.go:95.16,98.3 1 0
github.com/hdicksonjr/seton/parser/parser.go:100.2,102.20 2 1
github.com/hdicksonjr/seton/parser/parser.go:102.20,104.3 1 0
github.com/hdicksonjr/seton/parser/parser.go:106.2,107.36 2 1
github.com/hdicksonjr/seton/parser/parser.go:107.36,112.3 2 1
github.com/hdicksonjr/seton/parser/parser.go:113.2,113.50 1 1
github.com/hdicksonjr/seton/config/config.go:24.36,25.37 1 1
github.com/hdicksonjr/seton/config/config.go:25.37,27.17 2 1
github.com/hdicksonjr/seton/config/config.go:27.17,29.4 1 0
github.com/hdicksonjr/seton/config/config.go:30.3,30.41 1 1
github.com/hdicksonjr/seton/config/config.go:32.2,32.15 1 1
github.com/hdicksonjr/seton/config/config.go:36.31,38.2 1 1
github.com/hdicksonjr/seton/config/config.go:41.33,43.2 1 1
github.com/hdicksonjr/seton/config/config.go:46.33,48.2 1 1
github.com/hdicksonjr/seton/config/config.go:56.24,66.2 1 1
github.com/hdicksonjr/seton/config/config.go:70.29,74.16 3 1
github.com/hdicksonjr/seton/config/config.go:74.16,76.3 1 0
github.com/hdicksonjr/seton/config/config.go:78.2,79.49 2 1
github.com/hdicksonjr/seton/config/config.go:79.49,81.3 1 1
github.com/hdicksonjr/seton/config/config.go:83.2,84.17 2 1
github.com/hdicksonjr/seton/store/store.go:54.50,56.16 2 1
github.com/hdicksonjr/seton/store/store.go:56.16,58.3 1 0
github.com/hdicksonjr/seton/store/store.go:59.2,66.18 4 1
github.com/hdicksonjr/seton/store/store.go:66.18,68.51 2 1
github.com/hdicksonjr/seton/store/store.go:68.51,70.4 1 0
github.com/hdicksonjr/seton/store/store.go:71.3,71.31 1 1
github.com/hdicksonjr/seton/store/store.go:73.2,73.35 1 1
github.com/hdicksonjr/seton/store/store.go:73.35,75.3 1 0
github.com/hdicksonjr/seton/store/store.go:76.2,78.28 2 1
github.com/hdicksonjr/seton/store/store.go:78.28,79.46 1 1
github.com/hdicksonjr/seton/store/store.go:79.46,80.112 1 1
github.com/hdicksonjr/seton/store/store.go:80.112,82.5 1 0
github.com/hdicksonjr/seton/store/store.go:85.2,85.12 1 1
github.com/hdicksonjr/seton/store/store.go:90.55,93.2 2 1
github.com/hdicksonjr/seton/store/store.go:97.47,111.26 2 1
github.com/hdicksonjr/seton/store/store.go:111.26,112.39 1 1
github.com/hdicksonjr/seton/store/store.go:112.39,114.4 1 0
github.com/hdicksonjr/seton/store/store.go:116.2,116.12 1 1
github.com/hdicksonjr/seton/store/store.go:119.40,120.107 1 1
github.com/hdicksonjr/seton/store/store.go:120.107,122.3 1 0
github.com/hdicksonjr/seton/store/store.go:124.2,125.107 2 1
github.com/hdicksonjr/seton/store/store.go:125.107,127.3 1 0
github.com/hdicksonjr/seton/store/store.go:129.2,129.31 1 1
github.com/hdicksonjr/seton/store/store.go:129.31,131.25 2 1
github.com/hdicksonjr/seton/store/store.go:131.25,132.12 1 1
github.com/hdicksonjr/seton/store/store.go:134.3,135.17 2 1
github.com/hdicksonjr/seton/store/store.go:135.17,137.4 1 0
github.com/hdicksonjr/seton/store/store.go:138.3,138.18 1 1
github.com/hdicksonjr/seton/store/store.go:138.18,139.44 1 1
github.com/hdicksonjr/seton/store/store.go:139.44,142.5 2 0
github.com/hdicksonjr/seton/store/store.go:144.3,144.18 1 1
github.com/hdicksonjr/seton/store/store.go:144.18,145.35 1 1
github.com/hdicksonjr/seton/store/store.go:145.35,148.5 2 0
github.com/hdicksonjr/seton/store/store.go:150.3,150.96 1 1
github.com/hdicksonjr/seton/store/store.go:150.96,153.4 2 0
github.com/hdicksonjr/seton/store/store.go:154.3,154.37 1 1
github.com/hdicksonjr/seton/store/store.go:154.37,156.4 1 0
github.com/hdicksonjr/seton/store/store.go:158.2,158.12 1 1
github.com/hdicksonjr/seton/store/store.go:161.30,163.16 2 1
github.com/hdicksonjr/seton/store/store.go:163.16,165.3 1 0
github.com/hdicksonjr/seton/store/store.go:166.2,167.47 2 1
github.com/hdicksonjr/seton/store/store.go:167.47,169.3 1 0
github.com/hdicksonjr/seton/store/store.go:170.2,171.16 2 1
github.com/hdicksonjr/seton/store/store.go:171.16,173.3 1 0
github.com/hdicksonjr/seton/store/store.go:174.2,174.44 1 1
github.com/hdicksonjr/seton/store/store.go:174.44,177.3 2 0
github.com/hdicksonjr/seton/store/store.go:178.2,178.16 1 1
github.com/hdicksonjr/seton/store/store.go:182.48,184.2 1 1
github.com/hdicksonjr/seton/store/store.go:188.54,192.31 3 1
github.com/hdicksonjr/seton/store/store.go:192.31,193.17 1 1
github.com/hdicksonjr/seton/store/store.go:193.17,196.4 2 1
github.com/hdicksonjr/seton/store/store.go:198.2,198.31 1 1
github.com/hdicksonjr/seton/store/store.go:198.31,199.35 1 1
github.com/hdicksonjr/seton/store/store.go:199.35,201.4 1 0
github.com/hdicksonjr/seton/store/store.go:202.3,202.17 1 1
github.com/hdicksonjr/seton/store/store.go:202.17,205.4 2 1
github.com/hdicksonjr/seton/store/store.go:207.2,207.12 1 1
github.com/hdicksonjr/seton/store/store.go:212.62,213.89 1 1
github.com/hdicksonjr/seton/store/store.go:213.89,215.3 1 0
github.com/hdicksonjr/seton/store/store.go:216.2,217.90 2 1
github.com/hdicksonjr/seton/store/store.go:217.90,219.3 1 0
github.com/hdicksonjr/seton/store/store.go:220.2,220.16 1 1
github.com/hdicksonjr/seton/store/store.go:223.56,227.16 3 1
github.com/hdicksonjr/seton/store/store.go:227.16,229.3 1 0
github.com/hdicksonjr/seton/store/store.go:231.2,232.16 2 1
github.com/hdicksonjr/seton/store/store.go:232.16,235.3 2 0
github.com/hdicksonjr/seton/store/store.go:237.2,238.16 2 1
github.com/hdicksonjr/seton/store/store.go:238.16,241.3 2 0
github.com/hdicksonjr/seton/store/store.go:243.2,243.27 1 1
github.com/hdicksonjr/seton/store/store.go:243.27,245.17 2 1
github.com/hdicksonjr/seton/store/store.go:245.17,248.4 2 0
github.com/hdicksonjr/seton/store/store.go:249.3,249.118 1 1
github.com/hdicksonjr/seton/store/store.go:249.118,252.4 2 0
github.com/hdicksonjr/seton/store/store.go:255.2,255.20 1 1
github.com/hdicksonjr/seton/store/store.go:259.45,261.16 2 1
github.com/hdicksonjr/seton/store/store.go:261.16,263.3 1 0
github.com/hdicksonjr/seton/store/store.go:264.2,267.18 3 1
github.com/hdicksonjr/seton/store/store.go:267.18,269.42 2 1
github.com/hdicksonjr/seton/store/store.go:269.42,271.4 1 0
github.com/hdicksonjr/seton/store/store.go:272.3,272.28 1 1
github.com/hdicksonjr/seton/store/store.go:274.2,274.25 1 1
github.com/hdicksonjr/seton/store/store.go:287.60,295.19 3 1
github.com/hdicksonjr/seton/store/store.go:295.19,297.28 2 1
github.com/hdicksonjr/seton/store/store.go:297.28,300.4 2 1
github.com/hdicksonjr/seton/store/store.go:301.3,301.78 1 1
github.com/hdicksonjr/seton/store/store.go:304.2,307.16 3 1
github.com/hdicksonjr/seton/store/store.go:307.16,309.3 1 0
github.com/hdicksonjr/seton/store/store.go:310.2,313.18 3 1
github.com/hdicksonjr/seton/store/store.go:313.18,316.75 3 1
github.com/hdicksonjr/seton/store/store.go:316.75,318.4 1 0
github.com/hdicksonjr/seton/store/store.go:319.3,319.44 1 1
github.com/hdicksonjr/seton/store/store.go:319.44,321.4 1 1
github.com/hdicksonjr/seton/store/store.go:322.3,322.27 1 1
github.com/hdicksonjr/seton/store/store.go:324.2,324.26 1 1
github.com/hdicksonjr/seton/main.go:11.13,16.16 3 0
github.com/hdicksonjr/seton/main.go:16.16,19.3 2 0
github.com/hdicksonjr/seton/writer/writer.go:22.84,24.29 2 0
github.com/hdicksonjr/seton/writer/writer.go:24.29,26.3 1 0
github.com/hdicksonjr/seton/writer/writer.go:29.2,32.16 4 0
github.com/hdicksonjr/seton/writer/writer.go:32.16,34.3 1 0
github.com/hdicksonjr/seton/writer/writer.go:37.2,41.16 3 0
github.com/hdicksonjr/seton/writer/writer.go:41.16,43.3 1 0
github.com/hdicksonjr/seton/writer/writer.go:46.2,46.62 1 0
github.com/hdicksonjr/seton/commands/commands.go:12.58,17.46 1 1
github.com/hdicksonjr/seton/commands/commands.go:17.46,28.18 4 1
github.com/hdicksonjr/seton/commands/commands.go:28.18,31.5 2 1
github.com/hdicksonjr/seton/commands/commands.go:33.4,34.37 2 1
github.com/hdicksonjr/seton/commands/commands.go:34.37,36.19 2 0
github.com/hdicksonjr/seton/commands/commands.go:36.19,38.6 1 0
github.com/hdicksonjr/seton/commands/commands.go:45.35,60.2 8 0
github.com/hdicksonjr/seton/commands/export.go:15.33,21.53 2 0
github.com/hdicksonjr/seton/commands/export.go:21.53,23.4 1 0
github.com/hdicksonjr/seton/commands/export.go:26.2,27.12 2 0
github.com/hdicksonjr/seton/commands/export.go:30.49,31.15 1 0
github.com/hdicksonjr/seton/commands/export.go:31.15,33.17 2 0
github.com/hdicksonjr/seton/commands/export.go:33.17,35.4 1 0
github.com/hdicksonjr/seton/commands/export.go:36.3,36.28 1 0
github.com/hdicksonjr/seton/commands/export.go:39.2,40.16 2 0
github.com/hdicksonjr/seton/commands/export.go:40.16,42.3 1 0
github.com/hdicksonjr/seton/commands/export.go:43.2,46.16 3 0
github.com/hdicksonjr/seton/commands/export.go:46.16,48.3 1 0
github.com/hdicksonjr/seton/commands/export.go:50.2,50.21 1 0
github.com/hdicksonjr/seton/commands/export.go:50.21,52.3 1 0
github.com/hdicksonjr/seton/commands/export.go:54.2,56.16 3 0
github.com/hdicksonjr/seton/commands/export.go:56.16,58.3 1 0
github.com/hdicksonjr/seton/commands/export.go:60.2,61.12 2 0
github.com/hdicksonjr/seton/commands/export.go:64.103,65.47 1 1
github.com/hdicksonjr/seton/commands/export.go:65.47,67.3 1 1
github.com/hdicksonjr/seton/commands/export.go:69.2,72.16 3 1
github.com/hdicksonjr/seton/commands/export.go:72.16,74.3 1 0
github.com/hdicksonjr/seton/commands/export.go:75.2,77.26 2 1
github.com/hdicksonjr/seton/commands/export.go:77.26,78.12 1 1
github.com/hdicksonjr/seton/commands/export.go:78.12,80.4 1 1
github.com/hdicksonjr/seton/commands/export.go:81.3,81.87 1 1
github.com/hdicksonjr/seton/commands/export.go:84.2,84.18 1 1
github.com/hdicksonjr/seton/commands/export.go:87.60,89.27 2 1
github.com/hdicksonjr/seton/commands/export.go:89.27,91.3 1 1
github.com/hdicksonjr/seton/commands/export.go:92.2,93.41 2 1
github.com/hdicksonjr/seton/commands/import.go:21.56,23.6 2 1
github.com/hdicksonjr/seton/commands/import.go:23.6,25.18 2 1
github.com/hdicksonjr/seton/commands/import.go:25.18,26.9 1 1
github.com/hdicksonjr/seton/commands/import.go:28.3,30.16 3 1
github.com/hdicksonjr/seton/commands/import.go:30.16,31.9 1 1
github.com/hdicksonjr/seton/commands/import.go:33.3,34.18 2 1
github.com/hdicksonjr/seton/commands/import.go:34.18,36.4 1 1
github.com/hdicksonjr/seton/commands/import.go:37.3,37.34 1 1
github.com/hdicksonjr/seton/commands/import.go:39.2,39.15 1 1
github.com/hdicksonjr/seton/commands/import.go:44.54,45.54 1 1
github.com/hdicksonjr/seton/commands/import.go:45.54,47.3 1 1
github.com/hdicksonjr/seton/commands/import.go:48.2,49.44 2 1
github.com/hdicksonjr/seton/commands/import.go:49.44,51.3 1 1
github.com/hdicksonjr/seton/commands/import.go:52.2,52.28 1 1
github.com/hdicksonjr/seton/commands/import.go:68.85,80.2 6 1
github.com/hdicksonjr/seton/commands/import.go:83.49,84.24 1 1
github.com/hdicksonjr/seton/commands/import.go:84.24,86.3 1 1
github.com/hdicksonjr/seton/commands/import.go:87.2,88.32 2 1
github.com/hdicksonjr/seton/commands/import.go:91.37,93.2 1 1
github.com/hdicksonjr/seton/commands/import.go:95.63,96.27 1 1
github.com/hdicksonjr/seton/commands/import.go:97.18,98.19 1 1
github.com/hdicksonjr/seton/commands/import.go:99.21,101.22 2 1
github.com/hdicksonjr/seton/commands/import.go:103.21,104.33 1 1
github.com/hdicksonjr/seton/commands/import.go:104.33,105.75 1 1
github.com/hdicksonjr/seton/commands/import.go:105.75,108.6 2 1
github.com/hdicksonjr/seton/commands/import.go:109.5,113.35 5 1
github.com/hdicksonjr/seton/commands/import.go:113.35,116.6 2 1
github.com/hdicksonjr/seton/commands/import.go:118.4,118.17 1 1
github.com/hdicksonjr/seton/commands/import.go:120.21,121.33 1 1
github.com/hdicksonjr/seton/commands/import.go:121.33,125.35 4 1
github.com/hdicksonjr/seton/commands/import.go:125.35,128.6 2 1
github.com/hdicksonjr/seton/commands/import.go:130.4,130.17 1 1
github.com/hdicksonjr/seton/commands/import.go:134.2,136.15 3 1
github.com/hdicksonjr/seton/commands/import.go:149.36,150.16 1 1
github.com/hdicksonjr/seton/commands/import.go:150.16,152.3 1 1
github.com/hdicksonjr/seton/commands/import.go:153.2,153.17 1 1
github.com/hdicksonjr/seton/commands/import.go:153.17,155.3 1 1
github.com/hdicksonjr/seton/commands/import.go:156.2,156.32 1 1
github.com/hdicksonjr/seton/commands/import.go:156.32,158.3 1 1
github.com/hdicksonjr/seton/commands/import.go:160.2,165.22 5 1
github.com/hdicksonjr/seton/commands/import.go:165.22,167.3 1 1
github.com/hdicksonjr/seton/commands/import.go:168.2,169.19 2 1
github.com/hdicksonjr/seton/commands/import.go:172.33,177.53 1 0
github.com/hdicksonjr/seton/commands/import.go:177.53,178.58 1 0
github.com/hdicksonjr/seton/commands/import.go:178.58,180.5 1 0
github.com/hdicksonjr/seton/commands/import.go:185.81,188.16 3 1
github.com/hdicksonjr/seton/commands/import.go:188.16,190.3 1 1
github.com/hdicksonjr/seton/commands/import.go:192.2,193.16 2 1
github.com/hdicksonjr/seton/commands/import.go:193.16,195.3 1 1
github.com/hdicksonjr/seton/commands/import.go:197.2,198.22 2 1
github.com/hdicksonjr/seton/commands/import.go:198.22,200.3 1 1
github.com/hdicksonjr/seton/commands/import.go:202.2,203.16 2 1
github.com/hdicksonjr/seton/commands/import.go:203.16,205.3 1 0
github.com/hdicksonjr/seton/commands/import.go:206.2,208.60 2 1
github.com/hdicksonjr/seton/commands/import.go:208.60,210.3 1 0
github.com/hdicksonjr/seton/commands/import.go:212.2,213.16 2 1
github.com/hdicksonjr/seton/commands/import.go:213.16,215.3 1 1
github.com/hdicksonjr/seton/commands/import.go:217.2,218.21 2 1
github.com/hdicksonjr/seton/commands/import.go:218.21,221.70 3 1
github.com/hdicksonjr/seton/commands/import.go:221.70,223.4 1 1
github.com/hdicksonjr/seton/commands/import.go:224.3,224.38 1 1
github.com/hdicksonjr/seton/commands/import.go:226.2,226.12 1 1
github.com/hdicksonjr/seton/commands/jot.go:11.30,18.2 1 1
github.com/hdicksonjr/seton/commands/jot.go:20.49,38.35 3 0
github.com/hdicksonjr/seton/commands/jot.go:38.35,40.3 1 0
github.com/hdicksonjr/seton/commands/jot.go:42.2,43.16 2 0
github.com/hdicksonjr/seton/commands/jot.go:43.16,45.3 1 0
github.com/hdicksonjr/seton/commands/jot.go:46.2,48.59 2 0
github.com/hdicksonjr/seton/commands/jot.go:48.59,50.3 1 0
github.com/hdicksonjr/seton/commands/jot.go:52.2,53.12 2 0
github.com/hdicksonjr/seton/commands/query.go:13.44,14.20 1 1
github.com/hdicksonjr/seton/commands/query.go:14.20,16.3 1 1
github.com/hdicksonjr/seton/commands/query.go:17.2,18.25 2 1
github.com/hdicksonjr/seton/commands/query.go:18.25,19.33 1 1
github.com/hdicksonjr/seton/commands/query.go:19.33,21.4 1 1
github.com/hdicksonjr/seton/commands/query.go:22.3,22.13 1 1
github.com/hdicksonjr/seton/commands/query.go:24.2,24.12 1 1
github.com/hdicksonjr/seton/commands/query.go:27.32,33.2 1 1
github.com/hdicksonjr/seton/commands/query.go:35.54,37.16 2 0
github.com/hdicksonjr/seton/commands/query.go:37.16,39.3 1 0
github.com/hdicksonjr/seton/commands/query.go:40.2,43.16 3 0
github.com/hdicksonjr/seton/commands/query.go:43.16,45.3 1 0
github.com/hdicksonjr/seton/commands/query.go:47.2,47.21 1 0
github.com/hdicksonjr/seton/commands/query.go:47.21,50.3 2 0
github.com/hdicksonjr/seton/commands/query.go:52.2,52.26 1 0
github.com/hdicksonjr/seton/commands/query.go:52.26,53.12 1 0
github.com/hdicksonjr/seton/commands/query.go:53.12,55.4 1 0
github.com/hdicksonjr/seton/commands/query.go:56.3,56.96 1 0
github.com/hdicksonjr/seton/commands/query.go:58.2,58.12 1 0
github.com/hdicksonjr/seton/commands/search.go:51.98,66.2 6 1
github.com/hdicksonjr/seton/commands/search.go:70.54,71.17 1 1
github.com/hdicksonjr/seton/commands/search.go:71.17,73.3 1 1
github.com/hdicksonjr/seton/commands/search.go:74.2,76.26 3 1
github.com/hdicksonjr/seton/commands/search.go:76.26,78.32 2 1
github.com/hdicksonjr/seton/commands/search.go:78.32,80.4 1 1
github.com/hdicksonjr/seton/commands/search.go:82.2,82.12 1 1
github.com/hdicksonjr/seton/commands/search.go:87.58,89.34 2 1
github.com/hdicksonjr/seton/commands/search.go:89.34,90.9 1 1
github.com/hdicksonjr/seton/commands/search.go:90.9,92.4 1 1
github.com/hdicksonjr/seton/commands/search.go:94.2,94.24 1 1
github.com/hdicksonjr/seton/commands/search.go:94.24,96.3 1 1
github.com/hdicksonjr/seton/commands/search.go:97.2,101.15 5 1
github.com/hdicksonjr/seton/commands/search.go:104.37,106.2 1 1
github.com/hdicksonjr/seton/commands/search.go:108.63,109.27 1 1
github.com/hdicksonjr/seton/commands/search.go:110.18,112.31 1 1
github.com/hdicksonjr/seton/commands/search.go:112.31,114.4 1 1
github.com/hdicksonjr/seton/commands/search.go:116.3,116.36 1 1
github.com/hdicksonjr/seton/commands/search.go:116.36,117.20 1 1
github.com/hdicksonjr/seton/commands/search.go:118.22,120.23 2 1
github.com/hdicksonjr/seton/commands/search.go:121.34,122.23 1 1
github.com/hdicksonjr/seton/commands/search.go:123.22,124.28 1 1
github.com/hdicksonjr/seton/commands/search.go:124.28,126.6 1 1
github.com/hdicksonjr/seton/commands/search.go:128.4,128.17 1 1
github.com/hdicksonjr/seton/commands/search.go:132.3,132.34 1 1
github.com/hdicksonjr/seton/commands/search.go:132.34,133.20 1 1
github.com/hdicksonjr/seton/commands/search.go:134.20,135.23 1 1
github.com/hdicksonjr/seton/commands/search.go:136.22,137.28 1 1
github.com/hdicksonjr/seton/commands/search.go:138.21,139.28 1 1
github.com/hdicksonjr/seton/commands/search.go:139.28,143.6 3 1
github.com/hdicksonjr/seton/commands/search.go:144.5,144.18 1 1
github.com/hdicksonjr/seton/commands/search.go:147.4,150.35 4 1
github.com/hdicksonjr/seton/commands/search.go:150.35,152.5 1 1
github.com/hdicksonjr/seton/commands/search.go:153.4,153.17 1 1
github.com/hdicksonjr/seton/commands/search.go:156.3,156.33 1 1
github.com/hdicksonjr/seton/commands/search.go:156.33,157.20 1 1
github.com/hdicksonjr/seton/commands/search.go:158.20,159.23 1 1
github.com/hdicksonjr/seton/commands/search.go:160.22,161.28 1 1
github.com/hdicksonjr/seton/commands/search.go:162.19,163.22 1 1
github.com/hdicksonjr/seton/commands/search.go:163.22,166.6 2 1
github.com/hdicksonjr/seton/commands/search.go:166.11,168.6 1 1
github.com/hdicksonjr/seton/commands/search.go:169.21,170.37 1 1
github.com/hdicksonjr/seton/commands/search.go:170.37,172.6 1 1
github.com/hdicksonjr/seton/commands/search.go:173.22,174.28 1 1
github.com/hdicksonjr/seton/commands/search.go:174.28,177.6 2 1
github.com/hdicksonjr/seton/commands/search.go:178.22,179.28 1 1
github.com/hdicksonjr/seton/commands/search.go:179.28,181.6 1 1
github.com/hdicksonjr/seton/commands/search.go:183.4,183.17 1 1
github.com/hdicksonjr/seton/commands/search.go:187.2,187.15 1 1
github.com/hdicksonjr/seton/commands/search.go:197.36,198.35 1 1
github.com/hdicksonjr/seton/commands/search.go:198.35,200.3 1 1
github.com/hdicksonjr/seton/commands/search.go:201.2,201.23 1 1
github.com/hdicksonjr/seton/commands/search.go:204.42,210.26 4 1
github.com/hdicksonjr/seton/commands/search.go:210.26,212.3 1 1
github.com/hdicksonjr/seton/commands/search.go:212.8,213.34 1 1
github.com/hdicksonjr/seton/commands/search.go:213.34,215.51 2 1
github.com/hdicksonjr/seton/commands/search.go:215.51,217.5 1 1
github.com/hdicksonjr/seton/commands/search.go:219.4,220.23 2 1
github.com/hdicksonjr/seton/commands/search.go:220.23,222.5 1 1
github.com/hdicksonjr/seton/commands/search.go:224.4,224.66 1 1
github.com/hdicksonjr/seton/commands/search.go:228.2,229.31 2 1
github.com/hdicksonjr/seton/commands/search.go:229.31,230.8 1 1
github.com/hdicksonjr/seton/commands/search.go:230.8,232.4 1 1
github.com/hdicksonjr/seton/commands/search.go:234.2,238.19 3 1
github.com/hdicksonjr/seton/commands/search.go:241.43,244.23 2 1
github.com/hdicksonjr/seton/commands/search.go:244.23,246.3 1 1
github.com/hdicksonjr/seton/commands/search.go:246.8,246.30 1 1
github.com/hdicksonjr/seton/commands/search.go:246.30,248.3 1 1
github.com/hdicksonjr/seton/commands/search.go:248.8,249.29 1 1
github.com/hdicksonjr/seton/commands/search.go:249.29,250.13 1 1
github.com/hdicksonjr/seton/commands/search.go:250.13,252.5 1 1
github.com/hdicksonjr/seton/commands/search.go:253.4,254.59 1 1
github.com/hdicksonjr/seton/commands/search.go:258.2,259.19 2 1
github.com/hdicksonjr/seton/commands/search.go:262.33,267.50 1 0
github.com/hdicksonjr/seton/commands/search.go:267.50,268.58 1 0
github.com/hdicksonjr/seton/commands/search.go:268.58,270.5 1 0
github.com/hdicksonjr/seton/commands/search.go:275.66,277.16 2 1
github.com/hdicksonjr/seton/commands/search.go:277.16,279.3 1 1
github.com/hdicksonjr/seton/commands/search.go:280.2,283.16 3 1
github.com/hdicksonjr/seton/commands/search.go:283.16,285.3 1 0
github.com/hdicksonjr/seton/commands/search.go:287.2,287.23 1 1
github.com/hdicksonjr/seton/commands/search.go:287.23,290.3 2 1
github.com/hdicksonjr/seton/commands/search.go:292.2,292.77 1 1
github.com/hdicksonjr/seton/commands/search.go:292.77,294.3 1 0
github.com/hdicksonjr/seton/commands/search.go:296.2,297.16 2 1
github.com/hdicksonjr/seton/commands/search.go:297.16,299.3 1 1
github.com/hdicksonjr/seton/commands/search.go:301.2,302.81 2 1
github.com/hdicksonjr/seton/commands/search.go:302.81,304.3 1 1
github.com/hdicksonjr/seton/commands/search.go:306.2,307.38 2 1
github.com/hdicksonjr/seton/commands/search.go:307.38,308.9 1 1
github.com/hdicksonjr/seton/commands/search.go:308.9,310.4 1 1
github.com/hdicksonjr/seton/commands/search.go:313.2,314.16 2 1
github.com/hdicksonjr/seton/commands/search.go:314.16,316.3 1 0
github.com/hdicksonjr/seton/commands/search.go:317.2,319.16 3 1
github.com/hdicksonjr/seton/commands/search.go:319.16,321.3 1 1
github.com/hdicksonjr/seton/commands/search.go:322.2,323.12 2 1
