mode: set
github.com/hdicksonjr/seton/commands/commands.go:12.58,17.46 1 1
github.com/hdicksonjr/seton/commands/commands.go:17.46,28.18 4 1
github.com/hdicksonjr/seton/commands/commands.go:28.18,31.5 2 1
github.com/hdicksonjr/seton/commands/commands.go:33.4,34.37 2 1
github.com/hdicksonjr/seton/commands/commands.go:34.37,36.19 2 0
github.com/hdicksonjr/seton/commands/commands.go:36.19,38.6 1 0
github.com/hdicksonjr/seton/commands/commands.go:45.35,60.2 8 0
github.com/hdicksonjr/seton/commands/export.go:15.33,21.53 2 0
github.com/hdicksonjr/seton/commands/export.go:21.53,23.4 1 0
github.com/hdicksonjr/seton/commands/export.go:26.2,27.12 2 0
github.com/hdicksonjr/seton/commands/export.go:30.49,31.15 1 0
github.com/hdicksonjr/seton/commands/export.go:31.15,33.17 2 0
github.com/hdicksonjr/seton/commands/export.go:33.17,35.4 1 0
github.com/hdicksonjr/seton/commands/export.go:36.3,36.28 1 0
github.com/hdicksonjr/seton/commands/export.go:39.2,40.16 2 0
github.com/hdicksonjr/seton/commands/export.go:40.16,42.3 1 0
github.com/hdicksonjr/seton/commands/export.go:43.2,46.16 3 0
github.com/hdicksonjr/seton/commands/export.go:46.16,48.3 1 0
github.com/hdicksonjr/seton/commands/export.go:50.2,50.21 1 0
github.com/hdicksonjr/seton/commands/export.go:50.21,52.3 1 0
github.com/hdicksonjr/seton/commands/export.go:54.2,56.16 3 0
github.com/hdicksonjr/seton/commands/export.go:56.16,58.3 1 0
github.com/hdicksonjr/seton/commands/export.go:60.2,61.12 2 0
github.com/hdicksonjr/seton/commands/export.go:64.103,65.47 1 1
github.com/hdicksonjr/seton/commands/export.go:65.47,67.3 1 0
github.com/hdicksonjr/seton/commands/export.go:69.2,72.16 3 1
github.com/hdicksonjr/seton/commands/export.go:72.16,74.3 1 0
github.com/hdicksonjr/seton/commands/export.go:75.2,77.26 2 1
github.com/hdicksonjr/seton/commands/export.go:77.26,78.12 1 1
github.com/hdicksonjr/seton/commands/export.go:78.12,80.4 1 1
github.com/hdicksonjr/seton/commands/export.go:81.3,81.87 1 1
github.com/hdicksonjr/seton/commands/export.go:84.2,84.18 1 1
github.com/hdicksonjr/seton/commands/export.go:87.60,89.27 2 1
github.com/hdicksonjr/seton/commands/export.go:89.27,91.3 1 1
github.com/hdicksonjr/seton/commands/export.go:92.2,93.41 2 1
github.com/hdicksonjr/seton/commands/import.go:21.56,23.6 2 1
github.com/hdicksonjr/seton/commands/import.go:23.6,25.18 2 1
github.com/hdicksonjr/seton/commands/import.go:25.18,26.9 1 1
github.com/hdicksonjr/seton/commands/import.go:28.3,30.16 3 1
github.com/hdicksonjr/seton/commands/import.go:30.16,31.9 1 1
github.com/hdicksonjr/seton/commands/import.go:33.3,34.18 2 1
github.com/hdicksonjr/seton/commands/import.go:34.18,36.4 1 1
github.com/hdicksonjr/seton/commands/import.go:37.3,37.34 1 1
github.com/hdicksonjr/seton/commands/import.go:39.2,39.15 1 1
github.com/hdicksonjr/seton/commands/import.go:44.54,45.54 1 1
github.com/hdicksonjr/seton/commands/import.go:45.54,47.3 1 0
github.com/hdicksonjr/seton/commands/import.go:48.2,49.44 2 1
github.com/hdicksonjr/seton/commands/import.go:49.44,51.3 1 0
github.com/hdicksonjr/seton/commands/import.go:52.2,52.28 1 1
github.com/hdicksonjr/seton/commands/import.go:68.85,80.2 6 1
github.com/hdicksonjr/seton/commands/import.go:83.49,84.24 1 1
github.com/hdicksonjr/seton/commands/import.go:84.24,86.3 1 1
github.com/hdicksonjr/seton/commands/import.go:87.2,88.32 2 1
github.com/hdicksonjr/seton/commands/import.go:91.37,93.2 1 0
github.com/hdicksonjr/seton/commands/import.go:95.63,96.27 1 1
github.com/hdicksonjr/seton/commands/import.go:97.18,98.19 1 1
github.com/hdicksonjr/seton/commands/import.go:99.21,101.22 2 1
github.com/hdicksonjr/seton/commands/import.go:103.21,104.33 1 1
github.com/hdicksonjr/seton/commands/import.go:104.33,105.75 1 1
github.com/hdicksonjr/seton/commands/import.go:105.75,108.6 2 1
github.com/hdicksonjr/seton/commands/import.go:109.5,113.35 5 1
github.com/hdicksonjr/seton/commands/import.go:113.35,116.6 2 1
github.com/hdicksonjr/seton/commands/import.go:118.4,118.17 1 1
github.com/hdicksonjr/seton/commands/import.go:120.21,121.33 1 1
github.com/hdicksonjr/seton/commands/import.go:121.33,125.35 4 1
github.com/hdicksonjr/seton/commands/import.go:125.35,128.6 2 1
github.com/hdicksonjr/seton/commands/import.go:130.4,130.17 1 1
github.com/hdicksonjr/seton/commands/import.go:134.2,136.15 3 0
github.com/hdicksonjr/seton/commands/import.go:149.36,150.16 1 0
github.com/hdicksonjr/seton/commands/import.go:150.16,152.3 1 0
github.com/hdicksonjr/seton/commands/import.go:153.2,153.17 1 0
github.com/hdicksonjr/seton/commands/import.go:153.17,155.3 1 0
github.com/hdicksonjr/seton/commands/import.go:156.2,156.32 1 0
github.com/hdicksonjr/seton/commands/import.go:156.32,158.3 1 0
github.com/hdicksonjr/seton/commands/import.go:160.2,165.22 5 0
github.com/hdicksonjr/seton/commands/import.go:165.22,167.3 1 0
github.com/hdicksonjr/seton/commands/import.go:168.2,169.19 2 0
github.com/hdicksonjr/seton/commands/import.go:172.33,179.2 1 0
github.com/hdicksonjr/seton/commands/import.go:181.55,184.16 3 0
github.com/hdicksonjr/seton/commands/import.go:184.16,186.3 1 0
github.com/hdicksonjr/seton/commands/import.go:188.2,189.16 2 0
github.com/hdicksonjr/seton/commands/import.go:189.16,191.3 1 0
github.com/hdicksonjr/seton/commands/import.go:193.2,194.22 2 0
github.com/hdicksonjr/seton/commands/import.go:194.22,196.3 1 0
github.com/hdicksonjr/seton/commands/import.go:198.2,199.16 2 0
github.com/hdicksonjr/seton/commands/import.go:199.16,201.3 1 0
github.com/hdicksonjr/seton/commands/import.go:202.2,204.60 2 0
github.com/hdicksonjr/seton/commands/import.go:204.60,206.3 1 0
github.com/hdicksonjr/seton/commands/import.go:208.2,210.16 3 0
github.com/hdicksonjr/seton/commands/import.go:210.16,212.3 1 0
github.com/hdicksonjr/seton/commands/import.go:214.2,215.21 2 0
github.com/hdicksonjr/seton/commands/import.go:215.21,218.70 3 0
github.com/hdicksonjr/seton/commands/import.go:218.70,220.4 1 0
github.com/hdicksonjr/seton/commands/import.go:221.3,221.38 1 0
github.com/hdicksonjr/seton/commands/import.go:223.2,223.12 1 0
github.com/hdicksonjr/seton/commands/jot.go:11.30,18.2 1 1
github.com/hdicksonjr/seton/commands/jot.go:20.49,38.35 3 0
github.com/hdicksonjr/seton/commands/jot.go:38.35,40.3 1 0
github.com/hdicksonjr/seton/commands/jot.go:42.2,43.16 2 0
github.com/hdicksonjr/seton/commands/jot.go:43.16,45.3 1 0
github.com/hdicksonjr/seton/commands/jot.go:46.2,48.59 2 0
github.com/hdicksonjr/seton/commands/jot.go:48.59,50.3 1 0
github.com/hdicksonjr/seton/commands/jot.go:52.2,53.12 2 0
github.com/hdicksonjr/seton/commands/query.go:13.44,14.20 1 1
github.com/hdicksonjr/seton/commands/query.go:14.20,16.3 1 1
github.com/hdicksonjr/seton/commands/query.go:17.2,18.25 2 1
github.com/hdicksonjr/seton/commands/query.go:18.25,19.33 1 1
github.com/hdicksonjr/seton/commands/query.go:19.33,21.4 1 1
github.com/hdicksonjr/seton/commands/query.go:22.3,22.13 1 1
github.com/hdicksonjr/seton/commands/query.go:24.2,24.12 1 1
github.com/hdicksonjr/seton/commands/query.go:27.32,33.2 1 1
github.com/hdicksonjr/seton/commands/query.go:35.54,37.16 2 0
github.com/hdicksonjr/seton/commands/query.go:37.16,39.3 1 0
github.com/hdicksonjr/seton/commands/query.go:40.2,43.16 3 0
github.com/hdicksonjr/seton/commands/query.go:43.16,45.3 1 0
github.com/hdicksonjr/seton/commands/query.go:47.2,47.21 1 0
github.com/hdicksonjr/seton/commands/query.go:47.21,50.3 2 0
github.com/hdicksonjr/seton/commands/query.go:52.2,52.26 1 0
github.com/hdicksonjr/seton/commands/query.go:52.26,53.12 1 0
github.com/hdicksonjr/seton/commands/query.go:53.12,55.4 1 0
github.com/hdicksonjr/seton/commands/query.go:56.3,56.96 1 0
github.com/hdicksonjr/seton/commands/query.go:58.2,58.12 1 0
github.com/hdicksonjr/seton/commands/search.go:51.98,66.2 6 1
github.com/hdicksonjr/seton/commands/search.go:70.54,71.17 1 1
github.com/hdicksonjr/seton/commands/search.go:71.17,73.3 1 1
github.com/hdicksonjr/seton/commands/search.go:74.2,76.26 3 1
github.com/hdicksonjr/seton/commands/search.go:76.26,78.32 2 1
github.com/hdicksonjr/seton/commands/search.go:78.32,80.4 1 1
github.com/hdicksonjr/seton/commands/search.go:82.2,82.12 1 1
github.com/hdicksonjr/seton/commands/search.go:87.58,89.34 2 1
github.com/hdicksonjr/seton/commands/search.go:89.34,90.9 1 1
github.com/hdicksonjr/seton/commands/search.go:90.9,92.4 1 1
github.com/hdicksonjr/seton/commands/search.go:94.2,94.24 1 1
github.com/hdicksonjr/seton/commands/search.go:94.24,96.3 1 1
github.com/hdicksonjr/seton/commands/search.go:97.2,101.15 5 1
github.com/hdicksonjr/seton/commands/search.go:104.37,106.2 1 1
github.com/hdicksonjr/seton/commands/search.go:108.63,109.27 1 1
github.com/hdicksonjr/seton/commands/search.go:110.18,112.31 1 1
github.com/hdicksonjr/seton/commands/search.go:112.31,114.4 1 1
github.com/hdicksonjr/seton/commands/search.go:116.3,116.36 1 1
github.com/hdicksonjr/seton/commands/search.go:116.36,117.20 1 1
github.com/hdicksonjr/seton/commands/search.go:118.22,120.23 2 1
github.com/hdicksonjr/seton/commands/search.go:121.34,122.23 1 1
github.com/hdicksonjr/seton/commands/search.go:123.22,124.28 1 1
github.com/hdicksonjr/seton/commands/search.go:124.28,126.6 1 1
github.com/hdicksonjr/seton/commands/search.go:128.4,128.17 1 1
github.com/hdicksonjr/seton/commands/search.go:132.3,132.34 1 1
github.com/hdicksonjr/seton/commands/search.go:132.34,133.20 1 1
github.com/hdicksonjr/seton/commands/search.go:134.20,135.23 1 1
github.com/hdicksonjr/seton/commands/search.go:136.22,137.28 1 1
github.com/hdicksonjr/seton/commands/search.go:138.21,139.28 1 1
github.com/hdicksonjr/seton/commands/search.go:139.28,143.6 3 1
github.com/hdicksonjr/seton/commands/search.go:144.5,144.18 1 1
github.com/hdicksonjr/seton/commands/search.go:147.4,150.35 4 1
github.com/hdicksonjr/seton/commands/search.go:150.35,152.5 1 1
github.com/hdicksonjr/seton/commands/search.go:153.4,153.17 1 1
github.com/hdicksonjr/seton/commands/search.go:156.3,156.33 1 1
github.com/hdicksonjr/seton/commands/search.go:156.33,157.20 1 1
github.com/hdicksonjr/seton/commands/search.go:158.20,159.23 1 1
github.com/hdicksonjr/seton/commands/search.go:160.22,161.28 1 1
github.com/hdicksonjr/seton/commands/search.go:162.19,163.22 1 1
github.com/hdicksonjr/seton/commands/search.go:163.22,166.6 2 1
github.com/hdicksonjr/seton/commands/search.go:166.11,168.6 1 1
github.com/hdicksonjr/seton/commands/search.go:169.21,170.37 1 1
github.com/hdicksonjr/seton/commands/search.go:170.37,172.6 1 1
github.com/hdicksonjr/seton/commands/search.go:173.22,174.28 1 1
github.com/hdicksonjr/seton/commands/search.go:174.28,177.6 2 1
github.com/hdicksonjr/seton/commands/search.go:178.22,179.28 1 1
github.com/hdicksonjr/seton/commands/search.go:179.28,181.6 1 1
github.com/hdicksonjr/seton/commands/search.go:183.4,183.17 1 1
github.com/hdicksonjr/seton/commands/search.go:187.2,187.15 1 1
github.com/hdicksonjr/seton/commands/search.go:197.36,198.35 1 1
github.com/hdicksonjr/seton/commands/search.go:198.35,200.3 1 1
github.com/hdicksonjr/seton/commands/search.go:201.2,201.23 1 1
github.com/hdicksonjr/seton/commands/search.go:204.42,210.26 4 1
github.com/hdicksonjr/seton/commands/search.go:210.26,212.3 1 1
github.com/hdicksonjr/seton/commands/search.go:212.8,213.34 1 1
github.com/hdicksonjr/seton/commands/search.go:213.34,215.51 2 1
github.com/hdicksonjr/seton/commands/search.go:215.51,217.5 1 1
github.com/hdicksonjr/seton/commands/search.go:219.4,220.23 2 1
github.com/hdicksonjr/seton/commands/search.go:220.23,222.5 1 1
github.com/hdicksonjr/seton/commands/search.go:224.4,224.66 1 1
github.com/hdicksonjr/seton/commands/search.go:228.2,229.31 2 1
github.com/hdicksonjr/seton/commands/search.go:229.31,230.8 1 1
github.com/hdicksonjr/seton/commands/search.go:230.8,232.4 1 1
github.com/hdicksonjr/seton/commands/search.go:234.2,238.19 3 1
github.com/hdicksonjr/seton/commands/search.go:241.43,244.23 2 1
github.com/hdicksonjr/seton/commands/search.go:244.23,246.3 1 1
github.com/hdicksonjr/seton/commands/search.go:246.8,246.30 1 1
github.com/hdicksonjr/seton/commands/search.go:246.30,248.3 1 1
github.com/hdicksonjr/seton/commands/search.go:248.8,249.29 1 1
github.com/hdicksonjr/seton/commands/search.go:249.29,250.13 1 1
github.com/hdicksonjr/seton/commands/search.go:250.13,252.5 1 1
github.com/hdicksonjr/seton/commands/search.go:253.4,254.59 1 1
github.com/hdicksonjr/seton/commands/search.go:258.2,259.19 2 1
github.com/hdicksonjr/seton/commands/search.go:262.33,269.2 1 0
github.com/hdicksonjr/seton/commands/search.go:271.52,273.16 2 0
github.com/hdicksonjr/seton/commands/search.go:273.16,275.3 1 0
github.com/hdicksonjr/seton/commands/search.go:276.2,279.16 3 0
github.com/hdicksonjr/seton/commands/search.go:279.16,281.3 1 0
github.com/hdicksonjr/seton/commands/search.go:283.2,283.23 1 0
github.com/hdicksonjr/seton/commands/search.go:283.23,286.3 2 0
github.com/hdicksonjr/seton/commands/search.go:288.2,288.77 1 0
github.com/hdicksonjr/seton/commands/search.go:288.77,290.3 1 0
github.com/hdicksonjr/seton/commands/search.go:292.2,294.16 3 0
github.com/hdicksonjr/seton/commands/search.go:294.16,296.3 1 0
github.com/hdicksonjr/seton/commands/search.go:298.2,299.81 2 0
github.com/hdicksonjr/seton/commands/search.go:299.81,301.3 1 0
github.com/hdicksonjr/seton/commands/search.go:303.2,304.38 2 0
github.com/hdicksonjr/seton/commands/search.go:304.38,305.9 1 0
github.com/hdicksonjr/seton/commands/search.go:305.9,307.4 1 0
github.com/hdicksonjr/seton/commands/search.go:310.2,311.16 2 0
github.com/hdicksonjr/seton/commands/search.go:311.16,313.3 1 0
github.com/hdicksonjr/seton/commands/search.go:314.2,316.16 3 0
github.com/hdicksonjr/seton/commands/search.go:316.16,318.3 1 0
github.com/hdicksonjr/seton/commands/search.go:319.2,320.12 2 0
